<?xml version="1.0" encoding="UTF-8"?>
<!-- Generated by org.testng.reporters.JUnitReportReporter -->
<testsuite hostname="DALMACC02LW1JVFD58-2.local" name="com.anuradha.stringProblem.stringRemoveTest" tests="8" failures="0" timestamp="28 Oct 2016 04:57:57 GMT" time="0.009" errors="0">
  <testcase name="testRemoveWhiteSpace" time="0.001" classname="com.anuradha.stringProblem.stringRemoveTest"/>
  <testcase name="testRemoveNotMatchingCharacter" time="0.000" classname="com.anuradha.stringProblem.stringRemoveTest"/>
  <testcase name="testsingleFromString" time="0.000" classname="com.anuradha.stringProblem.stringRemoveTest"/>
  <testcase name="testRemoveSpecialCharacter" time="0.000" classname="com.anuradha.stringProblem.stringRemoveTest"/>
  <testcase name="testRemoveMultipleWhiteSpaces" time="0.000" classname="com.anuradha.stringProblem.stringRemoveTest"/>
  <testcase name="testRemoveCaseSensivity" time="0.008" classname="com.anuradha.stringProblem.stringRemoveTest"/>
  <testcase name="testRemoveNumber" time="0.000" classname="com.anuradha.stringProblem.stringRemoveTest"/>
  <testcase name="testRemoveMultipleOccurencesFromString" time="0.000" classname="com.anuradha.stringProblem.stringRemoveTest"/>
</testsuite> <!-- com.anuradha.stringProblem.stringRemoveTest -->
