<?xml version="1.0" encoding="UTF-8"?>
<!-- Generated by org.testng.reporters.JUnitReportReporter -->
<testsuite hostname="DALMACC02LW1JVFD58-2.local" name="com.anuradha.stringProblem.AppTest" tests="1" failures="0" timestamp="28 Oct 2016 04:57:58 GMT" time="0.002" errors="0">
  <testcase name="testApp" time="0.002" classname="com.anuradha.stringProblem.AppTest"/>
</testsuite> <!-- com.anuradha.stringProblem.AppTest -->
