<?xml version="1.0" encoding="UTF-8"?>
<!-- Generated by org.testng.reporters.JUnitReportReporter -->
<testsuite hostname="DALMACC02LW1JVFD58-2.local" name="com.anuradha.stringProblem.stringRemoveUsingReplaceTest" tests="8" failures="0" timestamp="28 Oct 2016 05:05:08 GMT" time="0.003" errors="0">
  <testcase name="testRemoveWhiteSpace" time="0.000" classname="com.anuradha.stringProblem.stringRemoveUsingReplaceTest"/>
  <testcase name="testRemoveMultipleOccurencesFromString" time="0.000" classname="com.anuradha.stringProblem.stringRemoveUsingReplaceTest"/>
  <testcase name="testRemoveMultipleWhiteSpaces" time="0.000" classname="com.anuradha.stringProblem.stringRemoveUsingReplaceTest"/>
  <testcase name="testsingleFromString" time="0.000" classname="com.anuradha.stringProblem.stringRemoveUsingReplaceTest"/>
  <testcase name="testRemoveCaseSensivity" time="0.001" classname="com.anuradha.stringProblem.stringRemoveUsingReplaceTest"/>
  <testcase name="testRemoveSpecialCharacter" time="0.001" classname="com.anuradha.stringProblem.stringRemoveUsingReplaceTest"/>
  <testcase name="testRemoveNumber" time="0.000" classname="com.anuradha.stringProblem.stringRemoveUsingReplaceTest"/>
  <testcase name="testRemoveNotMatchingCharacter" time="0.001" classname="com.anuradha.stringProblem.stringRemoveUsingReplaceTest"/>
</testsuite> <!-- com.anuradha.stringProblem.stringRemoveUsingReplaceTest -->
